<?xml version="1.0" encoding="UTF-8"?>
<!-- Generated by org.testng.reporters.JUnitReportReporter -->
<testsuite hostname="ZIL1223" failures="0" tests="3" name="test.classB" time="0.000" errors="0" timestamp="2022-12-23T14:48:29 IST" skipped="0">
  <testcase classname="test.classB" name="test3ClassB" time="0.000"/>
  <system-out/>
  <testcase classname="test.classB" name="test3ClassB" time="0.000"/>
  <system-out/>
  <testcase classname="test.classB" name="test3ClassB" time="0.000"/>
  <system-out/>
</testsuite> <!-- test.classB -->
