<?xml version="1.0" encoding="UTF-8"?>
<!-- Generated by org.testng.reporters.JUnitReportReporter -->
<testsuite hostname="ZIL1223" failures="0" tests="2" name="test.classA" time="0.002" errors="0" timestamp="2022-12-23T14:48:29 IST" skipped="0">
  <testcase classname="test.classA" name="demo" time="0.002"/>
  <system-out/>
  <testcase classname="test.classA" name="test2" time="0.000"/>
  <system-out/>
</testsuite> <!-- test.classA -->
